<?xml version="1.0" encoding="UTF-8"?>
<testng-results ignored="0" total="6" passed="6" failed="0" skipped="0">
  <reporter-output>
  </reporter-output>
  <suite started-at="2024-04-19T19:19:18 IST" name="Surefire suite" finished-at="2024-04-19T19:19:45 IST" duration-ms="26820">
    <groups>
      <group name="cucumber">
        <method signature="AbstractTestNGCucumberTests.runScenario(io.cucumber.testng.PickleWrapper,io.cucumber.testng.FeatureWrapper)[pri:0, instance:org.example.runner.CucumberRunnerTests@3daa422a]" name="runScenario" class="io.cucumber.testng.AbstractTestNGCucumberTests"/>
      </group> <!-- cucumber -->
    </groups>
    <test started-at="2024-04-19T19:19:18 IST" name="Surefire test" finished-at="2024-04-19T19:19:45 IST" duration-ms="26820">
      <class name="org.example.runner.CucumberRunnerTests">
        <test-method is-config="true" signature="setUpClass(org.testng.ITestContext)[pri:0, instance:org.example.runner.CucumberRunnerTests@3daa422a]" started-at="2024-04-19T19:19:19 IST" name="setUpClass" finished-at="2024-04-19T19:19:19 IST" duration-ms="756" status="PASS">
          <params>
            <param index="0">
              <value>
                <![CDATA[org.testng.TestRunner@20011bf]]>
              </value>
            </param>
          </params>
          <reporter-output>
          </reporter-output>
        </test-method> <!-- setUpClass -->
        <test-method signature="runScenario(io.cucumber.testng.PickleWrapper,io.cucumber.testng.FeatureWrapper)[pri:0, instance:org.example.runner.CucumberRunnerTests@3daa422a]" started-at="2024-04-19T19:19:19 IST" name="runScenario" description="Runs Cucumber Scenarios" data-provider="scenarios" finished-at="2024-04-19T19:19:28 IST" duration-ms="8557" status="PASS">
          <params>
            <param index="0">
              <value>
                <![CDATA["Validate the Reset Password functionality - Feature 2, Scenario - 2"]]>
              </value>
            </param>
            <param index="1">
              <value>
                <![CDATA["Forgot Password Page"]]>
              </value>
            </param>
          </params>
          <reporter-output>
          </reporter-output>
        </test-method> <!-- runScenario -->
        <test-method signature="runScenario(io.cucumber.testng.PickleWrapper,io.cucumber.testng.FeatureWrapper)[pri:0, instance:org.example.runner.CucumberRunnerTests@3daa422a]" started-at="2024-04-19T19:19:19 IST" name="runScenario" description="Runs Cucumber Scenarios" data-provider="scenarios" finished-at="2024-04-19T19:19:28 IST" duration-ms="8602" status="PASS">
          <params>
            <param index="0">
              <value>
                <![CDATA["Validate the cancel functionality - Feature 2, Scenario - 1"]]>
              </value>
            </param>
            <param index="1">
              <value>
                <![CDATA["Forgot Password Page"]]>
              </value>
            </param>
          </params>
          <reporter-output>
          </reporter-output>
        </test-method> <!-- runScenario -->
        <test-method signature="runScenario(io.cucumber.testng.PickleWrapper,io.cucumber.testng.FeatureWrapper)[pri:0, instance:org.example.runner.CucumberRunnerTests@3daa422a]" started-at="2024-04-19T19:19:28 IST" name="runScenario" description="Runs Cucumber Scenarios" data-provider="scenarios" finished-at="2024-04-19T19:19:35 IST" duration-ms="7427" status="PASS">
          <params>
            <param index="0">
              <value>
                <![CDATA["Login with valid credentials - Feature 1, Scenario - 1"]]>
              </value>
            </param>
            <param index="1">
              <value>
                <![CDATA["Login to HRM Application"]]>
              </value>
            </param>
          </params>
          <reporter-output>
          </reporter-output>
        </test-method> <!-- runScenario -->
        <test-method signature="runScenario(io.cucumber.testng.PickleWrapper,io.cucumber.testng.FeatureWrapper)[pri:0, instance:org.example.runner.CucumberRunnerTests@3daa422a]" started-at="2024-04-19T19:19:28 IST" name="runScenario" description="Runs Cucumber Scenarios" data-provider="scenarios" finished-at="2024-04-19T19:19:37 IST" duration-ms="9526" status="PASS">
          <params>
            <param index="0">
              <value>
                <![CDATA["Login with invalid credentials - Feature 1, Scenario - 2"]]>
              </value>
            </param>
            <param index="1">
              <value>
                <![CDATA["Login to HRM Application"]]>
              </value>
            </param>
          </params>
          <reporter-output>
          </reporter-output>
        </test-method> <!-- runScenario -->
        <test-method signature="runScenario(io.cucumber.testng.PickleWrapper,io.cucumber.testng.FeatureWrapper)[pri:0, instance:org.example.runner.CucumberRunnerTests@3daa422a]" started-at="2024-04-19T19:19:35 IST" name="runScenario" description="Runs Cucumber Scenarios" data-provider="scenarios" finished-at="2024-04-19T19:19:42 IST" duration-ms="6553" status="PASS">
          <params>
            <param index="0">
              <value>
                <![CDATA["Login with invalid credentials - Feature 1, Scenario - 2"]]>
              </value>
            </param>
            <param index="1">
              <value>
                <![CDATA["Login to HRM Application"]]>
              </value>
            </param>
          </params>
          <reporter-output>
          </reporter-output>
        </test-method> <!-- runScenario -->
        <test-method signature="runScenario(io.cucumber.testng.PickleWrapper,io.cucumber.testng.FeatureWrapper)[pri:0, instance:org.example.runner.CucumberRunnerTests@3daa422a]" started-at="2024-04-19T19:19:37 IST" name="runScenario" description="Runs Cucumber Scenarios" data-provider="scenarios" finished-at="2024-04-19T19:19:44 IST" duration-ms="6615" status="PASS">
          <params>
            <param index="0">
              <value>
                <![CDATA["Login with invalid credentials - Feature 1, Scenario - 2"]]>
              </value>
            </param>
            <param index="1">
              <value>
                <![CDATA["Login to HRM Application"]]>
              </value>
            </param>
          </params>
          <reporter-output>
          </reporter-output>
        </test-method> <!-- runScenario -->
        <test-method is-config="true" signature="tearDownClass()[pri:0, instance:org.example.runner.CucumberRunnerTests@3daa422a]" started-at="2024-04-19T19:19:44 IST" name="tearDownClass" finished-at="2024-04-19T19:19:45 IST" duration-ms="1255" status="PASS">
          <reporter-output>
          </reporter-output>
        </test-method> <!-- tearDownClass -->
      </class> <!-- org.example.runner.CucumberRunnerTests -->
    </test> <!-- Surefire test -->
  </suite> <!-- Surefire suite -->
</testng-results>
