<?xml version="1.0" encoding="UTF-8"?>
<testsuite xmlns:xsi="http://www.w3.org/2001/XMLSchema-instance" xsi:noNamespaceSchemaLocation="https://maven.apache.org/surefire/maven-surefire-plugin/xsd/surefire-test-report-3.0.xsd" version="3.0" name="TestSuite" time="27.324" tests="6" errors="0" skipped="0" failures="0">
  <properties>
[...]
</properties>
  <testcase name="runScenario[&quot;Validate the Reset Password functionality - Feature 2, Scenario - 2&quot;, &quot;Forgot Password Page&quot;](1)" classname="org.example.runner.CucumberRunnerTests" time="8.559">
    <system-err><![CDATA[SLF4J: Failed to load class "org.slf4j.impl.StaticLoggerBinder".
SLF4J: Defaulting to no-operation (NOP) logger implementation
SLF4J: See http://www.slf4j.org/codes.html#StaticLoggerBinder for further details.
]]></system-err>
  </testcase>
  <testcase name="runScenario[&quot;Validate the cancel functionality - Feature 2, Scenario - 1&quot;, &quot;Forgot Password Page&quot;](2)" classname="org.example.runner.CucumberRunnerTests" time="0.035"/>
  <testcase name="runScenario[&quot;Login with valid credentials - Feature 1, Scenario - 1&quot;, &quot;Login to HRM Application&quot;](3)" classname="org.example.runner.CucumberRunnerTests" time="7.391"/>
  <testcase name="runScenario[&quot;Login with invalid credentials - Feature 1, Scenario - 2&quot;, &quot;Login to HRM Application&quot;](4)" classname="org.example.runner.CucumberRunnerTests" time="2.135"/>
  <testcase name="runScenario[&quot;Login with invalid credentials - Feature 1, Scenario - 2&quot;, &quot;Login to HRM Application&quot;](5)" classname="org.example.runner.CucumberRunnerTests" time="4.419"/>
  <testcase name="runScenario[&quot;Login with invalid credentials - Feature 1, Scenario - 2&quot;, &quot;Login to HRM Application&quot;](6)" classname="org.example.runner.CucumberRunnerTests" time="6.616"/>
</testsuite>